Arguments: 
  F:\down\nodejs\node.exe F:\software\yarn\bin\yarn.js init y

PATH: 
  F:\software\cmder\vendor\git-for-windows\mingw64\bin;F:\software\cmder\vendor\git-for-windows\usr\bin;C:\Users\Leon\bin;C:\Windows\system32;C:\Windows;C:\Windows\System32\Wbem;C:\Windows\System32\WindowsPowerShell\v1.0;C:\Windows\System32\OpenSSH;C:\Program Files (x86)\NVIDIA Corporation\PhysX\Common;C:\Program Files\NVIDIA Corporation\NVIDIA NvDLISR;F:\down\nodejs;F:\software\yarn\bin;C:\Users\Leon\AppData\Local\Microsoft\WindowsApps;C:\Program Files\Bandizip;C:\Users\Leon\AppData\Roaming\npm;C:\Users\Leon\AppData\Local\Yarn\bin;F:\software\Microsoft VS Code\bin

Yarn version: 
  1.22.4

Node version: 
  14.4.0

Platform: 
  win32 x64

Trace: 
  Error: canceled
      at Interface.<anonymous> (F:\software\yarn\lib\cli.js:137008:13)
      at Interface.emit (events.js:315:20)
      at Interface._ttyWrite (readline.js:873:16)
      at ReadStream.onkeypress (readline.js:213:10)
      at ReadStream.emit (events.js:315:20)
      at emitKeys (internal/readline/utils.js:335:14)
      at emitKeys.next (<anonymous>)
      at ReadStream.onData (readline.js:1140:36)
      at ReadStream.emit (events.js:315:20)
      at addChunk (_stream_readable.js:302:12)

npm manifest: 
  {
    "devDependencies": {
      "cssnano": "^4.1.10"
    }
  }

yarn manifest: 
  No manifest

Lockfile: 
  No lockfile
